12:15:26.325 [ApplicationImpl pooled thread 120] INFO  c.b.l.BrowserStackRunExtension - testng
12:15:26.326 [ApplicationImpl pooled thread 120] INFO  com.browserstack.utils.Helpers - null
12:15:26.327 [ApplicationImpl pooled thread 120] INFO  c.b.l.BrowserStackRunExtension - Agent path: null
12:22:29.361 [ApplicationImpl pooled thread 134] INFO  c.b.l.BrowserStackRunExtension - testng
12:22:29.362 [ApplicationImpl pooled thread 134] INFO  com.browserstack.utils.Helpers - null
12:22:29.362 [ApplicationImpl pooled thread 134] INFO  c.b.l.BrowserStackRunExtension - Agent path: null
13:08:47.983 [ApplicationImpl pooled thread 161] INFO  c.b.l.BrowserStackRunExtension - testng
13:08:47.984 [ApplicationImpl pooled thread 161] INFO  com.browserstack.utils.Helpers - null
13:08:47.984 [ApplicationImpl pooled thread 161] INFO  c.b.l.BrowserStackRunExtension - Agent path: null
13:15:27.070 [ApplicationImpl pooled thread 171] INFO  c.b.l.BrowserStackRunExtension - testng
13:15:27.070 [ApplicationImpl pooled thread 171] INFO  com.browserstack.utils.Helpers - null
13:15:27.071 [ApplicationImpl pooled thread 171] INFO  c.b.l.BrowserStackRunExtension - Agent path: null
13:17:27.082 [ApplicationImpl pooled thread 177] INFO  c.b.l.BrowserStackRunExtension - testng
13:17:27.082 [ApplicationImpl pooled thread 177] INFO  com.browserstack.utils.Helpers - null
13:17:27.083 [ApplicationImpl pooled thread 177] INFO  c.b.l.BrowserStackRunExtension - Agent path: null
13:21:46.242 [ApplicationImpl pooled thread 179] INFO  c.b.l.BrowserStackRunExtension - testng
13:21:46.242 [ApplicationImpl pooled thread 179] INFO  com.browserstack.utils.Helpers - null
13:21:46.242 [ApplicationImpl pooled thread 179] INFO  c.b.l.BrowserStackRunExtension - Agent path: null
14:46:58.955 [ApplicationImpl pooled thread 214] INFO  c.b.l.BrowserStackRunExtension - testng
14:46:58.955 [ApplicationImpl pooled thread 214] INFO  com.browserstack.utils.Helpers - null
14:46:58.956 [ApplicationImpl pooled thread 214] INFO  c.b.l.BrowserStackRunExtension - Agent path: null
14:47:13.625 [ApplicationImpl pooled thread 214] INFO  c.b.l.BrowserStackRunExtension - testng
14:47:13.625 [ApplicationImpl pooled thread 214] INFO  com.browserstack.utils.Helpers - null
14:47:13.625 [ApplicationImpl pooled thread 214] INFO  c.b.l.BrowserStackRunExtension - Agent path: null
14:50:42.672 [ApplicationImpl pooled thread 209] INFO  c.b.l.BrowserStackRunExtension - testng
14:50:42.672 [ApplicationImpl pooled thread 209] INFO  com.browserstack.utils.Helpers - null
14:50:42.673 [ApplicationImpl pooled thread 209] INFO  c.b.l.BrowserStackRunExtension - Agent path: null
14:56:48.385 [ApplicationImpl pooled thread 229] INFO  c.b.l.BrowserStackRunExtension - testng
14:56:48.385 [ApplicationImpl pooled thread 229] INFO  com.browserstack.utils.Helpers - null
14:56:48.386 [ApplicationImpl pooled thread 229] INFO  c.b.l.BrowserStackRunExtension - Agent path: null
15:01:30.679 [ApplicationImpl pooled thread 242] INFO  c.b.l.BrowserStackRunExtension - testng
15:01:30.679 [ApplicationImpl pooled thread 242] INFO  com.browserstack.utils.Helpers - null
15:01:30.681 [ApplicationImpl pooled thread 242] INFO  c.b.l.BrowserStackRunExtension - Agent path: null
15:01:39.641 [ApplicationImpl pooled thread 233] INFO  c.b.l.BrowserStackRunExtension - testng
15:01:39.641 [ApplicationImpl pooled thread 233] INFO  com.browserstack.utils.Helpers - null
15:01:39.642 [ApplicationImpl pooled thread 233] INFO  c.b.l.BrowserStackRunExtension - Agent path: null
15:02:17.770 [ApplicationImpl pooled thread 241] INFO  c.b.l.BrowserStackRunExtension - testng
15:02:17.770 [ApplicationImpl pooled thread 241] INFO  com.browserstack.utils.Helpers - null
15:02:17.776 [ApplicationImpl pooled thread 241] INFO  c.b.l.BrowserStackRunExtension - Agent path: null
15:03:29.712 [ApplicationImpl pooled thread 235] INFO  c.b.l.BrowserStackRunExtension - testng
15:03:29.712 [ApplicationImpl pooled thread 235] INFO  com.browserstack.utils.Helpers - null
15:03:29.713 [ApplicationImpl pooled thread 235] INFO  c.b.l.BrowserStackRunExtension - Agent path: null
15:03:31.851 [ApplicationImpl pooled thread 233] INFO  c.b.l.BrowserStackRunExtension - testng
15:03:31.851 [ApplicationImpl pooled thread 233] INFO  com.browserstack.utils.Helpers - null
15:03:31.851 [ApplicationImpl pooled thread 233] INFO  c.b.l.BrowserStackRunExtension - Agent path: null
15:03:42.151 [ApplicationImpl pooled thread 233] INFO  c.b.l.BrowserStackRunExtension - testng
15:03:42.152 [ApplicationImpl pooled thread 233] INFO  com.browserstack.utils.Helpers - null
15:03:42.153 [ApplicationImpl pooled thread 233] INFO  c.b.l.BrowserStackRunExtension - Agent path: null
15:20:08.612 [ApplicationImpl pooled thread 264] INFO  c.b.l.BrowserStackRunExtension - testng
15:20:08.613 [ApplicationImpl pooled thread 264] INFO  com.browserstack.utils.Helpers - null
15:20:08.614 [ApplicationImpl pooled thread 264] INFO  c.b.l.BrowserStackRunExtension - Agent path: null
16:02:21.221 [ApplicationImpl pooled thread 284] INFO  c.b.l.BrowserStackRunExtension - testng
16:02:21.221 [ApplicationImpl pooled thread 284] INFO  com.browserstack.utils.Helpers - null
16:02:21.222 [ApplicationImpl pooled thread 284] INFO  c.b.l.BrowserStackRunExtension - Agent path: null
16:02:25.977 [ApplicationImpl pooled thread 294] INFO  c.b.l.BrowserStackRunExtension - testng
16:02:25.977 [ApplicationImpl pooled thread 294] INFO  com.browserstack.utils.Helpers - null
16:02:25.981 [ApplicationImpl pooled thread 294] INFO  c.b.l.BrowserStackRunExtension - Agent path: null
16:03:55.280 [ApplicationImpl pooled thread 294] INFO  c.b.l.BrowserStackRunExtension - testng
16:03:55.280 [ApplicationImpl pooled thread 294] INFO  com.browserstack.utils.Helpers - null
16:03:55.281 [ApplicationImpl pooled thread 294] INFO  c.b.l.BrowserStackRunExtension - Agent path: null
16:14:38.637 [ApplicationImpl pooled thread 313] INFO  c.b.l.BrowserStackRunExtension - testng
16:14:38.638 [ApplicationImpl pooled thread 313] INFO  com.browserstack.utils.Helpers - null
16:14:38.638 [ApplicationImpl pooled thread 313] INFO  c.b.l.BrowserStackRunExtension - Agent path: null
16:16:34.976 [ApplicationImpl pooled thread 296] INFO  c.b.l.BrowserStackRunExtension - testng
16:16:34.976 [ApplicationImpl pooled thread 296] INFO  com.browserstack.utils.Helpers - null
16:16:34.977 [ApplicationImpl pooled thread 296] INFO  c.b.l.BrowserStackRunExtension - Agent path: null
16:17:53.169 [ApplicationImpl pooled thread 317] INFO  c.b.l.BrowserStackRunExtension - testng
16:17:53.169 [ApplicationImpl pooled thread 317] INFO  com.browserstack.utils.Helpers - null
16:17:53.169 [ApplicationImpl pooled thread 317] INFO  c.b.l.BrowserStackRunExtension - Agent path: null
16:20:19.218 [ApplicationImpl pooled thread 317] INFO  c.b.l.BrowserStackRunExtension - testng
16:20:19.218 [ApplicationImpl pooled thread 317] INFO  com.browserstack.utils.Helpers - null
16:20:19.219 [ApplicationImpl pooled thread 317] INFO  c.b.l.BrowserStackRunExtension - Agent path: null
16:25:06.608 [ApplicationImpl pooled thread 318] INFO  c.b.l.BrowserStackRunExtension - testng
16:25:06.610 [ApplicationImpl pooled thread 318] INFO  com.browserstack.utils.Helpers - null
16:25:06.610 [ApplicationImpl pooled thread 318] INFO  c.b.l.BrowserStackRunExtension - Agent path: null
16:27:37.844 [ApplicationImpl pooled thread 322] INFO  c.b.l.BrowserStackRunExtension - testng
16:27:37.844 [ApplicationImpl pooled thread 322] INFO  com.browserstack.utils.Helpers - null
16:27:37.844 [ApplicationImpl pooled thread 322] INFO  c.b.l.BrowserStackRunExtension - Agent path: null
16:37:15.324 [ApplicationImpl pooled thread 333] INFO  c.b.l.BrowserStackRunExtension - testng
16:37:15.324 [ApplicationImpl pooled thread 333] INFO  com.browserstack.utils.Helpers - null
16:37:15.325 [ApplicationImpl pooled thread 333] INFO  c.b.l.BrowserStackRunExtension - Agent path: null
16:39:12.404 [ApplicationImpl pooled thread 340] INFO  c.b.l.BrowserStackRunExtension - testng
16:39:12.405 [ApplicationImpl pooled thread 340] INFO  com.browserstack.utils.Helpers - null
16:39:12.405 [ApplicationImpl pooled thread 340] INFO  c.b.l.BrowserStackRunExtension - Agent path: null
16:43:18.819 [ApplicationImpl pooled thread 356] INFO  c.b.l.BrowserStackRunExtension - testng
16:43:18.819 [ApplicationImpl pooled thread 356] INFO  com.browserstack.utils.Helpers - null
16:43:18.821 [ApplicationImpl pooled thread 356] INFO  c.b.l.BrowserStackRunExtension - Agent path: null
16:47:29.910 [ApplicationImpl pooled thread 359] INFO  c.b.l.BrowserStackRunExtension - testng
16:47:29.910 [ApplicationImpl pooled thread 359] INFO  com.browserstack.utils.Helpers - null
16:47:29.910 [ApplicationImpl pooled thread 359] INFO  c.b.l.BrowserStackRunExtension - Agent path: null
14:53:29.558 [ApplicationImpl pooled thread 136] INFO  c.b.l.BrowserStackRunExtension - testng
14:53:29.561 [ApplicationImpl pooled thread 136] INFO  com.browserstack.utils.Helpers - null
14:53:29.561 [ApplicationImpl pooled thread 136] INFO  c.b.l.BrowserStackRunExtension - Agent path: null
14:55:11.996 [ApplicationImpl pooled thread 136] INFO  c.b.l.BrowserStackRunExtension - testng
14:55:11.996 [ApplicationImpl pooled thread 136] INFO  com.browserstack.utils.Helpers - null
14:55:11.996 [ApplicationImpl pooled thread 136] INFO  c.b.l.BrowserStackRunExtension - Agent path: null
14:56:18.674 [ApplicationImpl pooled thread 140] INFO  c.b.l.BrowserStackRunExtension - testng
14:56:18.675 [ApplicationImpl pooled thread 140] INFO  com.browserstack.utils.Helpers - null
14:56:18.675 [ApplicationImpl pooled thread 140] INFO  c.b.l.BrowserStackRunExtension - Agent path: null
14:58:16.479 [ApplicationImpl pooled thread 146] INFO  c.b.l.BrowserStackRunExtension - testng
14:58:16.479 [ApplicationImpl pooled thread 146] INFO  com.browserstack.utils.Helpers - null
14:58:16.482 [ApplicationImpl pooled thread 146] INFO  c.b.l.BrowserStackRunExtension - Agent path: null
15:06:45.999 [ApplicationImpl pooled thread 153] INFO  c.b.l.BrowserStackRunExtension - testng
15:06:45.999 [ApplicationImpl pooled thread 153] INFO  com.browserstack.utils.Helpers - null
15:06:45.999 [ApplicationImpl pooled thread 153] INFO  c.b.l.BrowserStackRunExtension - Agent path: null
15:08:41.169 [ApplicationImpl pooled thread 163] INFO  c.b.l.BrowserStackRunExtension - testng
15:08:41.169 [ApplicationImpl pooled thread 163] INFO  com.browserstack.utils.Helpers - null
15:08:41.170 [ApplicationImpl pooled thread 163] INFO  c.b.l.BrowserStackRunExtension - Agent path: null
15:09:59.493 [ApplicationImpl pooled thread 170] INFO  c.b.l.BrowserStackRunExtension - testng
15:09:59.493 [ApplicationImpl pooled thread 170] INFO  com.browserstack.utils.Helpers - null
15:09:59.493 [ApplicationImpl pooled thread 170] INFO  c.b.l.BrowserStackRunExtension - Agent path: null
15:14:11.287 [ApplicationImpl pooled thread 180] INFO  c.b.l.BrowserStackRunExtension - testng
15:14:11.287 [ApplicationImpl pooled thread 180] INFO  com.browserstack.utils.Helpers - null
15:14:11.288 [ApplicationImpl pooled thread 180] INFO  c.b.l.BrowserStackRunExtension - Agent path: null
15:20:43.240 [ApplicationImpl pooled thread 187] INFO  c.b.l.BrowserStackRunExtension - testng
15:20:43.240 [ApplicationImpl pooled thread 187] INFO  com.browserstack.utils.Helpers - null
15:20:43.241 [ApplicationImpl pooled thread 187] INFO  c.b.l.BrowserStackRunExtension - Agent path: null
15:26:29.196 [ApplicationImpl pooled thread 188] INFO  c.b.l.BrowserStackRunExtension - testng
15:26:29.197 [ApplicationImpl pooled thread 188] INFO  com.browserstack.utils.Helpers - null
15:26:29.197 [ApplicationImpl pooled thread 188] INFO  c.b.l.BrowserStackRunExtension - Agent path: null
15:33:02.068 [ApplicationImpl pooled thread 212] INFO  c.b.l.BrowserStackRunExtension - testng
15:33:02.069 [ApplicationImpl pooled thread 212] INFO  com.browserstack.utils.Helpers - null
15:33:02.069 [ApplicationImpl pooled thread 212] INFO  c.b.l.BrowserStackRunExtension - Agent path: null
15:34:24.759 [ApplicationImpl pooled thread 201] INFO  c.b.l.BrowserStackRunExtension - testng
15:34:24.759 [ApplicationImpl pooled thread 201] INFO  com.browserstack.utils.Helpers - null
15:34:24.759 [ApplicationImpl pooled thread 201] INFO  c.b.l.BrowserStackRunExtension - Agent path: null
15:40:48.344 [ApplicationImpl pooled thread 214] INFO  c.b.l.BrowserStackRunExtension - testng
15:40:48.345 [ApplicationImpl pooled thread 214] INFO  com.browserstack.utils.Helpers - null
15:40:48.345 [ApplicationImpl pooled thread 214] INFO  c.b.l.BrowserStackRunExtension - Agent path: null
15:51:03.216 [ApplicationImpl pooled thread 218] INFO  c.b.l.BrowserStackRunExtension - testng
15:51:03.216 [ApplicationImpl pooled thread 218] INFO  com.browserstack.utils.Helpers - null
15:51:03.217 [ApplicationImpl pooled thread 218] INFO  c.b.l.BrowserStackRunExtension - Agent path: null
15:52:36.857 [ApplicationImpl pooled thread 222] INFO  c.b.l.BrowserStackRunExtension - testng
15:52:36.857 [ApplicationImpl pooled thread 222] INFO  com.browserstack.utils.Helpers - null
15:52:36.858 [ApplicationImpl pooled thread 222] INFO  c.b.l.BrowserStackRunExtension - Agent path: null
15:54:29.898 [ApplicationImpl pooled thread 216] INFO  c.b.l.BrowserStackRunExtension - testng
15:54:29.898 [ApplicationImpl pooled thread 216] INFO  com.browserstack.utils.Helpers - null
15:54:29.898 [ApplicationImpl pooled thread 216] INFO  c.b.l.BrowserStackRunExtension - Agent path: null
15:58:04.306 [ApplicationImpl pooled thread 216] INFO  c.b.l.BrowserStackRunExtension - testng
15:58:04.306 [ApplicationImpl pooled thread 216] INFO  com.browserstack.utils.Helpers - null
15:58:04.307 [ApplicationImpl pooled thread 216] INFO  c.b.l.BrowserStackRunExtension - Agent path: null
16:08:38.826 [ApplicationImpl pooled thread 246] INFO  c.b.l.BrowserStackRunExtension - testng
16:08:38.826 [ApplicationImpl pooled thread 246] INFO  com.browserstack.utils.Helpers - null
16:08:38.826 [ApplicationImpl pooled thread 246] INFO  c.b.l.BrowserStackRunExtension - Agent path: null
16:17:40.419 [ApplicationImpl pooled thread 254] INFO  c.b.l.BrowserStackRunExtension - testng
16:17:40.420 [ApplicationImpl pooled thread 254] INFO  com.browserstack.utils.Helpers - null
16:17:40.420 [ApplicationImpl pooled thread 254] INFO  c.b.l.BrowserStackRunExtension - Agent path: null
16:21:41.358 [ApplicationImpl pooled thread 273] INFO  c.b.l.BrowserStackRunExtension - testng
16:21:41.358 [ApplicationImpl pooled thread 273] INFO  com.browserstack.utils.Helpers - null
16:21:41.358 [ApplicationImpl pooled thread 273] INFO  c.b.l.BrowserStackRunExtension - Agent path: null
16:28:06.998 [ApplicationImpl pooled thread 286] INFO  c.b.l.BrowserStackRunExtension - testng
16:28:06.998 [ApplicationImpl pooled thread 286] INFO  com.browserstack.utils.Helpers - null
16:28:06.998 [ApplicationImpl pooled thread 286] INFO  c.b.l.BrowserStackRunExtension - Agent path: null
16:32:50.694 [ApplicationImpl pooled thread 288] INFO  c.b.l.BrowserStackRunExtension - testng
16:32:50.694 [ApplicationImpl pooled thread 288] INFO  com.browserstack.utils.Helpers - null
16:32:50.694 [ApplicationImpl pooled thread 288] INFO  c.b.l.BrowserStackRunExtension - Agent path: null
18:50:16.144 [ApplicationImpl pooled thread 418] INFO  c.b.l.BrowserStackRunExtension - testng
18:50:16.144 [ApplicationImpl pooled thread 418] INFO  com.browserstack.utils.Helpers - null
18:50:16.144 [ApplicationImpl pooled thread 418] INFO  c.b.l.BrowserStackRunExtension - Agent path: null
15:39:08.501 [ApplicationImpl pooled thread 235] INFO  c.b.l.BrowserStackRunExtension - testng
15:39:08.505 [ApplicationImpl pooled thread 235] INFO  com.browserstack.utils.Helpers - null
15:39:08.506 [ApplicationImpl pooled thread 235] INFO  c.b.l.BrowserStackRunExtension - Agent path: null
15:42:59.645 [ApplicationImpl pooled thread 245] INFO  c.b.l.BrowserStackRunExtension - testng
15:42:59.645 [ApplicationImpl pooled thread 245] INFO  com.browserstack.utils.Helpers - null
15:42:59.646 [ApplicationImpl pooled thread 245] INFO  c.b.l.BrowserStackRunExtension - Agent path: null
16:02:11.015 [ApplicationImpl pooled thread 267] INFO  c.b.l.BrowserStackRunExtension - testng
16:02:11.016 [ApplicationImpl pooled thread 267] INFO  com.browserstack.utils.Helpers - null
16:02:11.016 [ApplicationImpl pooled thread 267] INFO  c.b.l.BrowserStackRunExtension - Agent path: null
18:05:43.621 [ApplicationImpl pooled thread 180] INFO  c.b.l.BrowserStackRunExtension - testng
18:05:43.623 [ApplicationImpl pooled thread 180] INFO  com.browserstack.utils.Helpers - null
18:05:43.623 [ApplicationImpl pooled thread 180] INFO  c.b.l.BrowserStackRunExtension - Agent path: null
18:07:38.717 [ApplicationImpl pooled thread 174] INFO  c.b.l.BrowserStackRunExtension - testng
18:07:38.717 [ApplicationImpl pooled thread 174] INFO  com.browserstack.utils.Helpers - null
18:07:38.718 [ApplicationImpl pooled thread 174] INFO  c.b.l.BrowserStackRunExtension - Agent path: null
15:40:22.847 [ApplicationImpl pooled thread 192] INFO  c.b.l.BrowserStackRunExtension - testng
15:40:22.851 [ApplicationImpl pooled thread 192] INFO  com.browserstack.utils.Helpers - null
15:40:22.852 [ApplicationImpl pooled thread 192] INFO  c.b.l.BrowserStackRunExtension - Agent path: null
16:02:44.171 [ApplicationImpl pooled thread 231] INFO  c.b.l.BrowserStackRunExtension - testng
16:02:44.171 [ApplicationImpl pooled thread 231] INFO  com.browserstack.utils.Helpers - null
16:02:44.171 [ApplicationImpl pooled thread 231] INFO  c.b.l.BrowserStackRunExtension - Agent path: null
16:10:05.648 [ApplicationImpl pooled thread 241] INFO  c.b.l.BrowserStackRunExtension - testng
16:10:05.648 [ApplicationImpl pooled thread 241] INFO  com.browserstack.utils.Helpers - null
16:10:05.650 [ApplicationImpl pooled thread 241] INFO  c.b.l.BrowserStackRunExtension - Agent path: null
14:58:46.312 [ApplicationImpl pooled thread 84] INFO  c.b.l.BrowserStackRunExtension - testng
14:58:46.313 [ApplicationImpl pooled thread 84] INFO  com.browserstack.utils.Helpers - null
14:58:46.314 [ApplicationImpl pooled thread 84] INFO  c.b.l.BrowserStackRunExtension - Agent path: null
15:06:14.943 [ApplicationImpl pooled thread 96] INFO  c.b.l.BrowserStackRunExtension - testng
15:06:14.943 [ApplicationImpl pooled thread 96] INFO  com.browserstack.utils.Helpers - null
15:06:14.945 [ApplicationImpl pooled thread 96] INFO  c.b.l.BrowserStackRunExtension - Agent path: null
15:13:57.786 [ApplicationImpl pooled thread 97] INFO  c.b.l.BrowserStackRunExtension - testng
15:13:57.786 [ApplicationImpl pooled thread 97] INFO  com.browserstack.utils.Helpers - null
15:13:57.787 [ApplicationImpl pooled thread 97] INFO  c.b.l.BrowserStackRunExtension - Agent path: null
15:15:56.413 [ApplicationImpl pooled thread 121] INFO  c.b.l.BrowserStackRunExtension - testng
15:15:56.413 [ApplicationImpl pooled thread 121] INFO  com.browserstack.utils.Helpers - null
15:15:56.413 [ApplicationImpl pooled thread 121] INFO  c.b.l.BrowserStackRunExtension - Agent path: null
15:18:30.033 [ApplicationImpl pooled thread 116] INFO  c.b.l.BrowserStackRunExtension - testng
15:18:30.033 [ApplicationImpl pooled thread 116] INFO  com.browserstack.utils.Helpers - null
15:18:30.034 [ApplicationImpl pooled thread 116] INFO  c.b.l.BrowserStackRunExtension - Agent path: null
15:23:10.644 [ApplicationImpl pooled thread 124] INFO  c.b.l.BrowserStackRunExtension - testng
15:23:10.644 [ApplicationImpl pooled thread 124] INFO  com.browserstack.utils.Helpers - null
15:23:10.645 [ApplicationImpl pooled thread 124] INFO  c.b.l.BrowserStackRunExtension - Agent path: null
15:24:55.454 [ApplicationImpl pooled thread 124] INFO  c.b.l.BrowserStackRunExtension - testng
15:24:55.454 [ApplicationImpl pooled thread 124] INFO  com.browserstack.utils.Helpers - null
15:24:55.455 [ApplicationImpl pooled thread 124] INFO  c.b.l.BrowserStackRunExtension - Agent path: null
15:32:56.072 [ApplicationImpl pooled thread 138] INFO  c.b.l.BrowserStackRunExtension - testng
15:32:56.073 [ApplicationImpl pooled thread 138] INFO  com.browserstack.utils.Helpers - null
15:32:56.073 [ApplicationImpl pooled thread 138] INFO  c.b.l.BrowserStackRunExtension - Agent path: null
15:41:59.735 [ApplicationImpl pooled thread 143] INFO  c.b.l.BrowserStackRunExtension - testng
15:41:59.735 [ApplicationImpl pooled thread 143] INFO  com.browserstack.utils.Helpers - null
15:41:59.737 [ApplicationImpl pooled thread 143] INFO  c.b.l.BrowserStackRunExtension - Agent path: null
15:44:12.999 [ApplicationImpl pooled thread 151] INFO  c.b.l.BrowserStackRunExtension - testng
15:44:12.999 [ApplicationImpl pooled thread 151] INFO  com.browserstack.utils.Helpers - null
15:44:12.999 [ApplicationImpl pooled thread 151] INFO  c.b.l.BrowserStackRunExtension - Agent path: null
15:47:05.242 [ApplicationImpl pooled thread 154] INFO  c.b.l.BrowserStackRunExtension - testng
15:47:05.242 [ApplicationImpl pooled thread 154] INFO  com.browserstack.utils.Helpers - null
15:47:05.243 [ApplicationImpl pooled thread 154] INFO  c.b.l.BrowserStackRunExtension - Agent path: null
15:58:02.446 [ApplicationImpl pooled thread 154] INFO  c.b.l.BrowserStackRunExtension - testng
15:58:02.446 [ApplicationImpl pooled thread 154] INFO  com.browserstack.utils.Helpers - null
15:58:02.446 [ApplicationImpl pooled thread 154] INFO  c.b.l.BrowserStackRunExtension - Agent path: null
16:00:13.309 [ApplicationImpl pooled thread 155] INFO  c.b.l.BrowserStackRunExtension - testng
16:00:13.310 [ApplicationImpl pooled thread 155] INFO  com.browserstack.utils.Helpers - null
16:00:13.310 [ApplicationImpl pooled thread 155] INFO  c.b.l.BrowserStackRunExtension - Agent path: null
16:18:25.628 [ApplicationImpl pooled thread 171] INFO  c.b.l.BrowserStackRunExtension - testng
16:18:25.628 [ApplicationImpl pooled thread 171] INFO  com.browserstack.utils.Helpers - null
16:18:25.629 [ApplicationImpl pooled thread 171] INFO  c.b.l.BrowserStackRunExtension - Agent path: null
16:19:58.818 [ApplicationImpl pooled thread 199] INFO  c.b.l.BrowserStackRunExtension - testng
16:19:58.818 [ApplicationImpl pooled thread 199] INFO  com.browserstack.utils.Helpers - null
16:19:58.819 [ApplicationImpl pooled thread 199] INFO  c.b.l.BrowserStackRunExtension - Agent path: null
16:21:34.690 [ApplicationImpl pooled thread 203] INFO  c.b.l.BrowserStackRunExtension - testng
16:21:34.690 [ApplicationImpl pooled thread 203] INFO  com.browserstack.utils.Helpers - null
16:21:34.690 [ApplicationImpl pooled thread 203] INFO  c.b.l.BrowserStackRunExtension - Agent path: null
16:24:04.914 [ApplicationImpl pooled thread 203] INFO  c.b.l.BrowserStackRunExtension - testng
16:24:04.914 [ApplicationImpl pooled thread 203] INFO  com.browserstack.utils.Helpers - null
16:24:04.915 [ApplicationImpl pooled thread 203] INFO  c.b.l.BrowserStackRunExtension - Agent path: null
16:57:41.451 [ApplicationImpl pooled thread 241] INFO  c.b.l.BrowserStackRunExtension - application
16:57:41.451 [ApplicationImpl pooled thread 241] INFO  com.browserstack.utils.Helpers - null
17:06:40.037 [ApplicationImpl pooled thread 246] INFO  c.b.l.BrowserStackRunExtension - testng
17:06:40.037 [ApplicationImpl pooled thread 246] INFO  com.browserstack.utils.Helpers - null
17:06:40.039 [ApplicationImpl pooled thread 246] INFO  c.b.l.BrowserStackRunExtension - Agent path: null
17:43:38.667 [ApplicationImpl pooled thread 275] INFO  c.b.l.BrowserStackRunExtension - testng
17:43:38.667 [ApplicationImpl pooled thread 275] INFO  com.browserstack.utils.Helpers - null
17:43:38.667 [ApplicationImpl pooled thread 275] INFO  c.b.l.BrowserStackRunExtension - Agent path: null
17:46:43.747 [ApplicationImpl pooled thread 280] INFO  c.b.l.BrowserStackRunExtension - testng
17:46:43.747 [ApplicationImpl pooled thread 280] INFO  com.browserstack.utils.Helpers - null
17:46:43.747 [ApplicationImpl pooled thread 280] INFO  c.b.l.BrowserStackRunExtension - Agent path: null
17:48:10.868 [ApplicationImpl pooled thread 283] INFO  c.b.l.BrowserStackRunExtension - application
17:48:10.868 [ApplicationImpl pooled thread 283] INFO  com.browserstack.utils.Helpers - null
18:00:09.824 [ApplicationImpl pooled thread 4] INFO  c.b.l.BrowserStackRunExtension - application
18:00:09.827 [ApplicationImpl pooled thread 4] INFO  com.browserstack.utils.Helpers - null
18:10:47.820 [ApplicationImpl pooled thread 34] INFO  c.b.l.BrowserStackRunExtension - application
18:10:47.820 [ApplicationImpl pooled thread 34] INFO  com.browserstack.utils.Helpers - null
18:19:04.076 [AWT-EventQueue-0] INFO  c.b.actions.EnableBrowserStack - Setting enable browserstack run update
18:19:04.083 [AWT-EventQueue-0] INFO  c.b.actions.DisableBrowserStack - Setting disable browserstack run update
18:19:09.006 [AWT-EventQueue-0] INFO  c.b.actions.EnableBrowserStack - Setting enable browserstack run update
18:19:09.018 [AWT-EventQueue-0] INFO  c.b.actions.DisableBrowserStack - Setting disable browserstack run update
18:23:47.438 [ApplicationImpl pooled thread 44] INFO  c.b.l.BrowserStackRunExtension - application
18:23:47.438 [ApplicationImpl pooled thread 44] INFO  com.browserstack.utils.Helpers - null
18:29:53.802 [ApplicationImpl pooled thread 50] INFO  c.b.l.BrowserStackRunExtension - testng
18:29:53.802 [ApplicationImpl pooled thread 50] INFO  com.browserstack.utils.Helpers - null
18:29:53.802 [ApplicationImpl pooled thread 50] INFO  c.b.l.BrowserStackRunExtension - Agent path: null
18:33:35.836 [ApplicationImpl pooled thread 64] INFO  c.b.l.BrowserStackRunExtension - testng
18:33:35.836 [ApplicationImpl pooled thread 64] INFO  com.browserstack.utils.Helpers - null
18:33:35.838 [ApplicationImpl pooled thread 64] INFO  c.b.l.BrowserStackRunExtension - Agent path: null
